1542624251380	mozrunner::runner	INFO	Running command: "C:\\Program Files\\Mozilla Firefox\\firefox.exe" "-marionette" "-foreground" "-no-remote" "-profile" "C:\\Users\\PRUSZL~1\\AppData\\Local\\Temp\\rust_mozprofile.pXrj8aWQaKWG"
1542624306588	mozrunner::runner	INFO	Running command: "C:\\Program Files\\Mozilla Firefox\\firefox.exe" "-marionette" "-foreground" "-no-remote" "-profile" "C:\\Users\\PRUSZL~1\\AppData\\Local\\Temp\\rust_mozprofile.IExXcifNazyY"
1542624309517	Marionette	INFO	Listening on port 62444
1542624309823	Marionette	WARN	TLS certificate errors will be ignored for this session
1542624313473	Marionette	INFO	Stopped listening on port 62444
[Child 3800, Chrome_ChildThread] WARNING: pipe error: 109: file z:/build/build/src/ipc/chromium/src/chrome/common/ipc_channel_win.cc, line 346
[Child 3800, Chrome_ChildThread] WARNING: pip[Child 17448, Chrome_ChildThread] WARNING: pipe error: 109: file z:/build/build/src/ipc/chromium/src/chrome/common/ipc_channel_win.cc, line 346
[Child 17448, Chrome_ChildThread] WARNING: pipe error: 109: file z:/build/build/src/ipc/chr
###!!! [Child][RunMessage] Error: Channel closing: too late to send/recv, messages will be lost

[GPU 
###!!! [Child][MessageChannel::SendAndWait] Error: Channel error: cannot send/recv

1542624479004	mozrunner::runner	INFO	Running command: "C:\\Program Files\\Mozilla Firefox\\firefox.exe" "-marionette" "-foreground" "-no-remote" "-profile" "C:\\Users\\PRUSZL~1\\AppData\\Local\\Temp\\rust_mozprofile.1PLVaH9Evee4"
1542624482152	Marionette	INFO	Listening on port 62740
1542624482267	Marionette	WARN	TLS certificate errors will be ignored for this session
1542624508403	mozrunner::runner	INFO	Running command: "C:\\Program Files\\Mozilla Firefox\\firefox.exe" "-marionette" "-foreground" "-no-remote" "-profile" "C:\\Users\\PRUSZL~1\\AppData\\Local\\Temp\\rust_mozprofile.ucfUAyOdkXAp"
1542624511163	Marionette	INFO	Listening on port 62829
1542624511639	Marionette	WARN	TLS certificate errors will be ignored for this session
1542624516507	Marionette	INFO	Stopped listening on port 62829
[Parent 21788, Gecko_IOThread] WARNING: pipe error: 109: file z:/build/build/src/ipc/chromium/src/chrome/common/ipc_channel_win.cc, line 346
[Child 14228, Chrome_ChildThread] WARNING: pipe error: 109: file z:/build/build/src/ipc/chromium/src/chrome/common/ipc_channel_win.cc, line 346
[Child 14228, Chrome_ChildThread] WARNING: pipe error: 109: file z:/build/build/src/ipc/chromium/src/chrome/common/ipc_channel_win.cc, line 346
[Parent 21788, Gecko_IOThread] WARNING: pipe error: 109: file z:/build/build/src/ipc/chromium/src/chrome/common/ipc_channel_win.cc, line 346
[Child 17244, Chrome_ChildThread] WARNING: pipe error: 109: file z:/build/build/src/ipc/chromium/src/chrome/common/ipc_channel_win.cc, line 346
[Child 17244, Chr
###!!! [Child][RunMessage] Error: Channel closing: too late to send/recv, messages will be lost

[GPU 23560, 
###!!! [Child][MessageChannel::SendAndWait] Error: Channel error: cannot send/recv

